2013-11-19 13:32:58,814 INFO [main] o.l.c.e.ExtensionRegistry [ExtensionRegistry.java:160] Loading extensions...
2013-11-19 13:32:58,873 WARN [main] o.l.c.e.ExtensionRegistry [ExtensionRegistry.java:253] Could not load extension org.spotter.workload.local.LocalWorkloadExtension. Reason: (ClassNotFoundException) org.spotter.workload.local.LocalWorkloadExtension
2013-11-19 13:33:01,601 ERROR [main] o.s.c.Spotter [Spotter.java:65] Error during Performance Problem Diagnostics of Problem OLB. Cause: java.lang.RuntimeException: java.lang.NumberFormatException: null
2013-11-19 13:33:01,605 INFO [main] o.s.c.Spotter [Spotter.java:112] PPD analysis took 0 h - 0 min - 3 s - 139 ms

#####################################
########  PPD Results  ##############
#####################################


2013-11-19 13:34:25,650 INFO [main] o.l.c.e.ExtensionRegistry [ExtensionRegistry.java:160] Loading extensions...
2013-11-19 13:34:25,714 WARN [main] o.l.c.e.ExtensionRegistry [ExtensionRegistry.java:253] Could not load extension org.spotter.workload.local.LocalWorkloadExtension. Reason: (ClassNotFoundException) org.spotter.workload.local.LocalWorkloadExtension
2013-11-19 13:38:12,210 INFO [main] o.l.c.e.ExtensionRegistry [ExtensionRegistry.java:160] Loading extensions...
2013-11-19 13:38:12,272 WARN [main] o.l.c.e.ExtensionRegistry [ExtensionRegistry.java:253] Could not load extension org.spotter.workload.local.LocalWorkloadExtension. Reason: (ClassNotFoundException) org.spotter.workload.local.LocalWorkloadExtension
2013-11-19 13:45:48,831 INFO [main] o.l.c.e.ExtensionRegistry [ExtensionRegistry.java:160] Loading extensions...
2013-11-19 13:45:48,890 WARN [main] o.l.c.e.ExtensionRegistry [ExtensionRegistry.java:253] Could not load extension org.spotter.workload.local.LocalWorkloadExtension. Reason: (ClassNotFoundException) org.spotter.workload.local.LocalWorkloadExtension
2013-11-19 13:46:00,564 INFO [main] o.l.c.e.ExtensionRegistry [ExtensionRegistry.java:160] Loading extensions...
2013-11-19 13:46:00,639 WARN [main] o.l.c.e.ExtensionRegistry [ExtensionRegistry.java:253] Could not load extension org.spotter.workload.local.LocalWorkloadExtension. Reason: (ClassNotFoundException) org.spotter.workload.local.LocalWorkloadExtension
2013-11-19 13:50:44,928 INFO [main] o.l.c.e.ExtensionRegistry [ExtensionRegistry.java:160] Loading extensions...
2013-11-19 13:50:44,990 WARN [main] o.l.c.e.ExtensionRegistry [ExtensionRegistry.java:253] Could not load extension org.spotter.workload.local.LocalWorkloadExtension. Reason: (ClassNotFoundException) org.spotter.workload.local.LocalWorkloadExtension
2013-11-19 13:52:41,888 INFO [main] o.l.c.e.ExtensionRegistry [ExtensionRegistry.java:160] Loading extensions...
2013-11-19 13:52:41,956 WARN [main] o.l.c.e.ExtensionRegistry [ExtensionRegistry.java:253] Could not load extension org.spotter.workload.local.LocalWorkloadExtension. Reason: (ClassNotFoundException) org.spotter.workload.local.LocalWorkloadExtension
2013-11-19 13:54:59,297 INFO [main] o.l.c.e.ExtensionRegistry [ExtensionRegistry.java:160] Loading extensions...
2013-11-19 13:54:59,376 WARN [main] o.l.c.e.ExtensionRegistry [ExtensionRegistry.java:253] Could not load extension org.spotter.workload.local.LocalWorkloadExtension. Reason: (ClassNotFoundException) org.spotter.workload.local.LocalWorkloadExtension
